2023-06-15 20:42:53,177 : INFO :  Test_Login_DDT : test_login_ddt_004: Opening Browser
2023-06-15 20:42:53,193 : INFO :  Test_Login_DDT : test_login_ddt_004: Opening Browser
2023-06-15 20:42:59,487 : INFO :  Test_Login_DDT : test_login_ddt_004: Going to Url
2023-06-15 20:43:00,387 : INFO :  Test_Login_DDT : test_login_ddt_004: Enter UserName-->Admin
2023-06-15 20:43:00,565 : INFO :  Test_Login_DDT : test_login_ddt_004: Enter Password-->admin123
2023-06-15 20:43:00,725 : INFO :  Test_Login_DDT : test_login_ddt_004: Going to Url
2023-06-15 20:43:01,663 : INFO :  Test_Login_DDT : test_login_ddt_004: Enter UserName-->Admin
2023-06-15 20:43:01,815 : INFO :  Test_Login_DDT : test_login_ddt_004: Enter Password-->admin123
2023-06-15 20:43:02,207 : INFO :  Test_Login_DDT : test_login_ddt_004: Click on login button
2023-06-15 20:43:03,657 : INFO :  Test_Login_DDT : test_login_ddt_004: Click on menu button
2023-06-15 20:43:03,985 : INFO :  Test_Login_DDT : test_login_ddt_004: Click on login button
2023-06-15 20:43:05,685 : INFO :  Test_Login_DDT : test_login_ddt_004: Click on menu button
2023-06-15 20:43:05,949 : INFO :  Test_Login_DDT : test_login_ddt_004: Click on logout button
2023-06-15 20:43:06,698 : INFO :  Test_Login_DDT : test_login_ddt_004: Enter UserName-->Admin1
2023-06-15 20:43:06,802 : INFO :  Test_Login_DDT : test_login_ddt_004: Enter Password-->admin123
2023-06-15 20:43:06,858 : INFO :  Test_Login_DDT : test_login_ddt_004: Click on login button
2023-06-15 20:43:07,052 : INFO :  Test_Login_DDT : test_login_ddt_004: Click on logout button
2023-06-15 20:43:07,708 : INFO :  Test_Login_DDT : test_login_ddt_004: Enter UserName-->Admin1
2023-06-15 20:43:07,813 : INFO :  Test_Login_DDT : test_login_ddt_004: Enter Password-->admin123
2023-06-15 20:43:07,885 : INFO :  Test_Login_DDT : test_login_ddt_004: Click on login button
2023-06-15 20:43:12,504 : INFO :  Test_Login_DDT : test_login_ddt_004: Enter UserName-->Admin
2023-06-15 20:43:12,625 : INFO :  Test_Login_DDT : test_login_ddt_004: Enter Password-->admin1231
2023-06-15 20:43:12,690 : INFO :  Test_Login_DDT : test_login_ddt_004: Click on login button
2023-06-15 20:43:13,685 : INFO :  Test_Login_DDT : test_login_ddt_004: Enter UserName-->Admin
2023-06-15 20:43:13,797 : INFO :  Test_Login_DDT : test_login_ddt_004: Enter Password-->admin1231
2023-06-15 20:43:13,885 : INFO :  Test_Login_DDT : test_login_ddt_004: Click on login button
2023-06-15 20:43:18,503 : INFO :  Test_Login_DDT : test_login_ddt_004: Enter UserName-->Admin1
2023-06-15 20:43:18,622 : INFO :  Test_Login_DDT : test_login_ddt_004: Enter Password-->admin1231
2023-06-15 20:43:18,697 : INFO :  Test_Login_DDT : test_login_ddt_004: Click on login button
2023-06-15 20:43:19,457 : INFO :  Test_Login_DDT : test_login_ddt_004: Enter UserName-->Admin1
2023-06-15 20:43:19,603 : INFO :  Test_Login_DDT : test_login_ddt_004: Enter Password-->admin1231
2023-06-15 20:43:19,675 : INFO :  Test_Login_DDT : test_login_ddt_004: Click on login button
2023-06-15 20:43:23,964 : INFO :  Test_Login_DDT : test_login_ddt_004: test_login_params_003 is Passed
2023-06-15 20:43:24,112 : INFO :  Test_Login_DDT : test_login_ddt_004: test_login_params_003 is Completed
2023-06-15 20:43:26,118 : INFO :  Test_Login_DDT : test_login_ddt_004: test_login_params_003 is Passed
2023-06-15 20:43:26,142 : INFO :  Test_Login_DDT : test_login_ddt_004: Opening Browser
2023-06-15 20:43:26,512 : INFO :  Test_Login_DDT : test_login_ddt_004: test_login_params_003 is Completed
2023-06-15 20:43:28,486 : INFO :  Test_Login_DDT : test_login_ddt_004: Opening Browser
2023-06-15 20:43:30,869 : INFO :  Test_Login_DDT : test_login_ddt_004: Going to Url
2023-06-15 20:43:31,826 : INFO :  Test_Login_DDT : test_login_ddt_004: Enter UserName-->Admin
2023-06-15 20:43:31,962 : INFO :  Test_Login_DDT : test_login_ddt_004: Enter Password-->admin123
2023-06-15 20:43:33,524 : INFO :  Test_Login_DDT : test_login_ddt_004: Click on login button
2023-06-15 20:43:33,829 : INFO :  Test_Login_DDT : test_login_ddt_004: Going to Url
2023-06-15 20:43:34,659 : INFO :  Test_Login_DDT : test_login_ddt_004: Enter UserName-->Admin
2023-06-15 20:43:35,071 : INFO :  Test_Login_DDT : test_login_ddt_004: Enter Password-->admin123
2023-06-15 20:43:35,382 : INFO :  Test_Login_DDT : test_login_ddt_004: Click on menu button
2023-06-15 20:43:36,446 : INFO :  Test_Login_DDT : test_login_ddt_004: Click on logout button
2023-06-15 20:43:36,582 : INFO :  Test_Login_DDT : test_login_ddt_004: Click on login button
2023-06-15 20:43:37,136 : INFO :  Test_Login_DDT : test_login_ddt_004: Enter UserName-->Admin1
2023-06-15 20:43:37,241 : INFO :  Test_Login_DDT : test_login_ddt_004: Enter Password-->admin123
2023-06-15 20:43:37,314 : INFO :  Test_Login_DDT : test_login_ddt_004: Click on login button
2023-06-15 20:43:37,866 : INFO :  Test_Login_DDT : test_login_ddt_004: Click on menu button
2023-06-15 20:43:39,096 : INFO :  Test_Login_DDT : test_login_ddt_004: Click on logout button
2023-06-15 20:43:39,745 : INFO :  Test_Login_DDT : test_login_ddt_004: Enter UserName-->Admin1
2023-06-15 20:43:39,848 : INFO :  Test_Login_DDT : test_login_ddt_004: Enter Password-->admin123
2023-06-15 20:43:39,914 : INFO :  Test_Login_DDT : test_login_ddt_004: Click on login button
2023-06-15 20:43:42,839 : INFO :  Test_Login_DDT : test_login_ddt_004: Enter UserName-->Admin
2023-06-15 20:43:42,960 : INFO :  Test_Login_DDT : test_login_ddt_004: Enter Password-->admin1231
2023-06-15 20:43:43,040 : INFO :  Test_Login_DDT : test_login_ddt_004: Click on login button
2023-06-15 20:43:45,387 : INFO :  Test_Login_DDT : test_login_ddt_004: Enter UserName-->Admin
2023-06-15 20:43:45,504 : INFO :  Test_Login_DDT : test_login_ddt_004: Enter Password-->admin1231
2023-06-15 20:43:45,563 : INFO :  Test_Login_DDT : test_login_ddt_004: Click on login button
2023-06-15 20:43:48,494 : INFO :  Test_Login_DDT : test_login_ddt_004: Enter UserName-->Admin1
2023-06-15 20:43:48,601 : INFO :  Test_Login_DDT : test_login_ddt_004: Enter Password-->admin1231
2023-06-15 20:43:48,687 : INFO :  Test_Login_DDT : test_login_ddt_004: Click on login button
2023-06-15 20:43:51,222 : INFO :  Test_Login_DDT : test_login_ddt_004: Enter UserName-->Admin1
2023-06-15 20:43:51,320 : INFO :  Test_Login_DDT : test_login_ddt_004: Enter Password-->admin1231
2023-06-15 20:43:51,419 : INFO :  Test_Login_DDT : test_login_ddt_004: Click on login button
2023-06-15 20:43:53,971 : INFO :  Test_Login_DDT : test_login_ddt_004: test_login_params_003 is Passed
2023-06-15 20:43:54,133 : INFO :  Test_Login_DDT : test_login_ddt_004: test_login_params_003 is Completed
2023-06-15 20:43:56,645 : INFO :  Test_Login_DDT : test_login_ddt_004: test_login_params_003 is Passed
2023-06-15 20:43:56,823 : INFO :  Test_Login_DDT : test_login_ddt_004: test_login_params_003 is Completed
2023-06-15 20:46:12,560 : INFO :  Test_Login_Params : test_login_params_003: Opening Browser
2023-06-15 20:46:12,622 : INFO :  Test_Login_Params : test_login_params_003: Opening Browser
2023-06-15 20:46:18,043 : INFO :  Test_Login_Params : test_login_params_003: Going to Url
2023-06-15 20:46:18,477 : INFO :  Test_Login_Params : test_login_params_003: Going to Url
2023-06-15 20:46:18,758 : INFO :  Test_Login_Params : test_login_params_003: Enter UserName-->Admin
2023-06-15 20:46:18,883 : INFO :  Test_Login_Params : test_login_params_003: Enter Password-->admin123
2023-06-15 20:46:18,998 : INFO :  Test_Login_Params : test_login_params_003: Click on login button
2023-06-15 20:46:19,543 : INFO :  Test_Login_Params : test_login_params_003: Enter UserName-->Admin
2023-06-15 20:46:19,712 : INFO :  Test_Login_Params : test_login_params_003: Enter Password-->admin1231
2023-06-15 20:46:19,834 : INFO :  Test_Login_Params : test_login_params_003: Click on login button
2023-06-15 20:46:22,114 : INFO :  Test_Login_Params : test_login_params_003: Click on menu button
2023-06-15 20:46:23,379 : INFO :  Test_Login_Params : test_login_params_003: Click on logout button
2023-06-15 20:46:23,379 : INFO :  Test_Login_Params : test_login_params_003: test_login_params_003 is Passed
2023-06-15 20:46:23,491 : INFO :  Test_Login_Params : test_login_params_003: test_login_params_003 is Completed
2023-06-15 20:46:25,153 : INFO :  Test_Login_Params : test_login_params_003: Opening Browser
2023-06-15 20:46:25,617 : INFO :  Test_Login_Params : test_login_params_003: test_login_params_003 is Passed
2023-06-15 20:46:25,753 : INFO :  Test_Login_Params : test_login_params_003: test_login_params_003 is Completed
2023-06-15 20:46:27,605 : INFO :  Test_Login_Params : test_login_params_003: Opening Browser
2023-06-15 20:46:30,165 : INFO :  Test_Login_Params : test_login_params_003: Going to Url
2023-06-15 20:46:31,048 : INFO :  Test_Login_Params : test_login_params_003: Enter UserName-->Admin1
2023-06-15 20:46:31,176 : INFO :  Test_Login_Params : test_login_params_003: Enter Password-->admin123
2023-06-15 20:46:32,521 : INFO :  Test_Login_Params : test_login_params_003: Click on login button
2023-06-15 20:46:33,552 : INFO :  Test_Login_Params : test_login_params_003: Going to Url
2023-06-15 20:46:34,692 : INFO :  Test_Login_Params : test_login_params_003: Enter UserName-->Admin1
2023-06-15 20:46:34,844 : INFO :  Test_Login_Params : test_login_params_003: Enter Password-->admin1231
2023-06-15 20:46:34,929 : INFO :  Test_Login_Params : test_login_params_003: Click on login button
2023-06-15 20:46:37,988 : INFO :  Test_Login_Params : test_login_params_003: test_login_params_003 is Passed
2023-06-15 20:46:38,193 : INFO :  Test_Login_Params : test_login_params_003: test_login_params_003 is Completed
2023-06-15 20:46:40,240 : INFO :  Test_Login_Params : test_login_params_003: test_login_params_003 is Passed
2023-06-15 20:46:40,459 : INFO :  Test_Login_Params : test_login_params_003: test_login_params_003 is Completed
2023-06-15 20:47:36,273 : INFO :  Test_Url_Login : test_Url_001: Opening Browser
2023-06-15 20:47:36,570 : INFO :  Test_Url_Login : test_login_002: Opening Browser
2023-06-15 20:47:42,131 : INFO :  Test_Url_Login : test_login_002: Going to Url
2023-06-15 20:47:42,347 : INFO :  Test_Url_Login : test_Url_001: Going to Url
2023-06-15 20:47:42,778 : INFO :  Test_Url_Login : test_login_002: Enter UserName-->Admin
2023-06-15 20:47:43,022 : INFO :  Test_Url_Login : test_login_002: Enter Password-->admin123
2023-06-15 20:47:44,361 : INFO :  Test_Url_Login : test_Url_001: Checking page title
2023-06-15 20:47:44,361 : INFO :  Test_Url_Login : test_Url_001: test_Url_001 is Passed 
2023-06-15 20:47:44,617 : INFO :  Test_Url_Login : test_Url_001: test_Url_001 is Completed 
2023-06-15 20:47:44,886 : INFO :  Test_Url_Login : test_login_002: Click on login button
2023-06-15 20:47:45,544 : INFO :  Test_Url_Login : test_login_002: test_login_002 is Passed
2023-06-15 20:47:46,199 : INFO :  Test_Url_Login : test_login_002: Click on menu button
2023-06-15 20:47:48,602 : INFO :  Test_Url_Login : test_login_002: Click on logout button
2023-06-15 20:47:48,816 : INFO :  Test_Url_Login : test_login_002: test_login_002 is Completed
2023-06-15 20:48:13,198 : INFO :  Test_Login_DDT : test_login_ddt_004: Opening Browser
2023-06-15 20:48:13,397 : INFO :  Test_Url_Login : test_Url_001: Opening Browser
2023-06-15 20:48:19,011 : INFO :  Test_Login_DDT : test_login_ddt_004: Going to Url
2023-06-15 20:48:19,201 : INFO :  Test_Url_Login : test_Url_001: Going to Url
2023-06-15 20:48:19,771 : INFO :  Test_Login_DDT : test_login_ddt_004: Enter UserName-->Admin
2023-06-15 20:48:19,912 : INFO :  Test_Login_DDT : test_login_ddt_004: Enter Password-->admin123
2023-06-15 20:48:21,205 : INFO :  Test_Url_Login : test_Url_001: Checking page title
2023-06-15 20:48:21,221 : INFO :  Test_Url_Login : test_Url_001: test_Url_001 is Passed 
2023-06-15 20:48:21,644 : INFO :  Test_Login_DDT : test_login_ddt_004: Click on login button
2023-06-15 20:48:21,724 : INFO :  Test_Url_Login : test_Url_001: test_Url_001 is Completed 
2023-06-15 20:48:23,680 : INFO :  Test_Url_Login : test_login_002: Opening Browser
2023-06-15 20:48:23,912 : INFO :  Test_Login_DDT : test_login_ddt_004: Click on menu button
2023-06-15 20:48:24,959 : INFO :  Test_Login_DDT : test_login_ddt_004: Click on logout button
2023-06-15 20:48:25,792 : INFO :  Test_Login_DDT : test_login_ddt_004: Enter UserName-->Admin1
2023-06-15 20:48:25,904 : INFO :  Test_Login_DDT : test_login_ddt_004: Enter Password-->admin123
2023-06-15 20:48:25,952 : INFO :  Test_Login_DDT : test_login_ddt_004: Click on login button
2023-06-15 20:48:28,028 : INFO :  Test_Url_Login : test_login_002: Going to Url
2023-06-15 20:48:28,737 : INFO :  Test_Url_Login : test_login_002: Enter UserName-->Admin
2023-06-15 20:48:28,910 : INFO :  Test_Url_Login : test_login_002: Enter Password-->admin123
2023-06-15 20:48:29,024 : INFO :  Test_Url_Login : test_login_002: Click on login button
2023-06-15 20:48:31,446 : INFO :  Test_Login_DDT : test_login_ddt_004: Enter UserName-->Admin
2023-06-15 20:48:31,566 : INFO :  Test_Login_DDT : test_login_ddt_004: Enter Password-->admin1231
2023-06-15 20:48:31,610 : INFO :  Test_Url_Login : test_login_002: test_login_002 is Passed
2023-06-15 20:48:31,647 : INFO :  Test_Login_DDT : test_login_ddt_004: Click on login button
2023-06-15 20:48:32,502 : INFO :  Test_Url_Login : test_login_002: Click on menu button
2023-06-15 20:48:33,607 : INFO :  Test_Url_Login : test_login_002: Click on logout button
2023-06-15 20:48:33,762 : INFO :  Test_Url_Login : test_login_002: test_login_002 is Completed
2023-06-15 20:48:35,602 : INFO :  Test_Login_DDT : test_login_ddt_004: Opening Browser
2023-06-15 20:48:37,083 : INFO :  Test_Login_DDT : test_login_ddt_004: Enter UserName-->Admin1
2023-06-15 20:48:37,179 : INFO :  Test_Login_DDT : test_login_ddt_004: Enter Password-->admin1231
2023-06-15 20:48:37,235 : INFO :  Test_Login_DDT : test_login_ddt_004: Click on login button
2023-06-15 20:48:41,800 : INFO :  Test_Login_DDT : test_login_ddt_004: Going to Url
2023-06-15 20:48:42,730 : INFO :  Test_Login_DDT : test_login_ddt_004: Enter UserName-->Admin
2023-06-15 20:48:42,819 : INFO :  Test_Login_DDT : test_login_ddt_004: test_login_params_003 is Passed
2023-06-15 20:48:43,017 : INFO :  Test_Login_DDT : test_login_ddt_004: Enter Password-->admin123
2023-06-15 20:48:43,406 : INFO :  Test_Login_DDT : test_login_ddt_004: test_login_params_003 is Completed
2023-06-15 20:48:45,258 : INFO :  Test_Login_DDT : test_login_ddt_004: Opening Browser
2023-06-15 20:48:45,706 : INFO :  Test_Login_DDT : test_login_ddt_004: Click on login button
2023-06-15 20:48:47,127 : INFO :  Test_Login_DDT : test_login_ddt_004: Click on menu button
2023-06-15 20:48:49,605 : INFO :  Test_Login_DDT : test_login_ddt_004: Click on logout button
2023-06-15 20:48:50,350 : INFO :  Test_Login_DDT : test_login_ddt_004: Enter UserName-->Admin1
2023-06-15 20:48:50,526 : INFO :  Test_Login_DDT : test_login_ddt_004: Enter Password-->admin123
2023-06-15 20:48:50,638 : INFO :  Test_Login_DDT : test_login_ddt_004: Click on login button
2023-06-15 20:48:53,535 : INFO :  Test_Login_DDT : test_login_ddt_004: Going to Url
2023-06-15 20:48:54,332 : INFO :  Test_Login_DDT : test_login_ddt_004: Enter UserName-->Admin
2023-06-15 20:48:54,496 : INFO :  Test_Login_DDT : test_login_ddt_004: Enter Password-->admin123
2023-06-15 20:48:54,610 : INFO :  Test_Login_DDT : test_login_ddt_004: Click on login button
2023-06-15 20:48:56,356 : INFO :  Test_Login_DDT : test_login_ddt_004: Enter UserName-->Admin
2023-06-15 20:48:56,460 : INFO :  Test_Login_DDT : test_login_ddt_004: Enter Password-->admin1231
2023-06-15 20:48:56,532 : INFO :  Test_Login_DDT : test_login_ddt_004: Click on login button
2023-06-15 20:48:58,719 : INFO :  Test_Login_DDT : test_login_ddt_004: Click on menu button
2023-06-15 20:49:00,034 : INFO :  Test_Login_DDT : test_login_ddt_004: Click on logout button
2023-06-15 20:49:00,707 : INFO :  Test_Login_DDT : test_login_ddt_004: Enter UserName-->Admin1
2023-06-15 20:49:00,822 : INFO :  Test_Login_DDT : test_login_ddt_004: Enter Password-->admin123
2023-06-15 20:49:00,880 : INFO :  Test_Login_DDT : test_login_ddt_004: Click on login button
2023-06-15 20:49:02,378 : INFO :  Test_Login_DDT : test_login_ddt_004: Enter UserName-->Admin1
2023-06-15 20:49:02,498 : INFO :  Test_Login_DDT : test_login_ddt_004: Enter Password-->admin1231
2023-06-15 20:49:03,717 : INFO :  Test_Login_DDT : test_login_ddt_004: Click on login button
2023-06-15 20:49:06,635 : INFO :  Test_Login_DDT : test_login_ddt_004: Enter UserName-->Admin
2023-06-15 20:49:06,766 : INFO :  Test_Login_DDT : test_login_ddt_004: Enter Password-->admin1231
2023-06-15 20:49:06,835 : INFO :  Test_Login_DDT : test_login_ddt_004: Click on login button
2023-06-15 20:49:09,144 : INFO :  Test_Login_DDT : test_login_ddt_004: test_login_params_003 is Passed
2023-06-15 20:49:09,278 : INFO :  Test_Login_DDT : test_login_ddt_004: test_login_params_003 is Completed
2023-06-15 20:49:10,953 : INFO :  Test_Login_DDT : test_login_ddt_004: Opening Browser
2023-06-15 20:49:12,595 : INFO :  Test_Login_DDT : test_login_ddt_004: Enter UserName-->Admin1
2023-06-15 20:49:12,683 : INFO :  Test_Login_DDT : test_login_ddt_004: Enter Password-->admin1231
2023-06-15 20:49:12,755 : INFO :  Test_Login_DDT : test_login_ddt_004: Click on login button
2023-06-15 20:49:15,529 : INFO :  Test_Login_DDT : test_login_ddt_004: Going to Url
2023-06-15 20:49:16,328 : INFO :  Test_Login_DDT : test_login_ddt_004: Enter UserName-->Admin
2023-06-15 20:49:16,453 : INFO :  Test_Login_DDT : test_login_ddt_004: Enter Password-->admin123
2023-06-15 20:49:17,974 : INFO :  Test_Login_DDT : test_login_ddt_004: Click on login button
2023-06-15 20:49:18,513 : INFO :  Test_Login_DDT : test_login_ddt_004: test_login_params_003 is Passed
2023-06-15 20:49:18,760 : INFO :  Test_Login_DDT : test_login_ddt_004: test_login_params_003 is Completed
2023-06-15 20:49:19,567 : INFO :  Test_Login_DDT : test_login_ddt_004: Click on menu button
2023-06-15 20:49:20,753 : INFO :  Test_Login_Params : test_login_params_003: Opening Browser
2023-06-15 20:49:21,513 : INFO :  Test_Login_DDT : test_login_ddt_004: Click on logout button
2023-06-15 20:49:22,238 : INFO :  Test_Login_DDT : test_login_ddt_004: Enter UserName-->Admin1
2023-06-15 20:49:22,326 : INFO :  Test_Login_DDT : test_login_ddt_004: Enter Password-->admin123
2023-06-15 20:49:22,390 : INFO :  Test_Login_DDT : test_login_ddt_004: Click on login button
2023-06-15 20:49:25,789 : INFO :  Test_Login_Params : test_login_params_003: Going to Url
2023-06-15 20:49:26,947 : INFO :  Test_Login_Params : test_login_params_003: Enter UserName-->Admin
2023-06-15 20:49:27,119 : INFO :  Test_Login_Params : test_login_params_003: Enter Password-->admin123
2023-06-15 20:49:27,305 : INFO :  Test_Login_Params : test_login_params_003: Click on login button
2023-06-15 20:49:27,929 : INFO :  Test_Login_DDT : test_login_ddt_004: Enter UserName-->Admin
2023-06-15 20:49:28,025 : INFO :  Test_Login_DDT : test_login_ddt_004: Enter Password-->admin1231
2023-06-15 20:49:28,089 : INFO :  Test_Login_DDT : test_login_ddt_004: Click on login button
2023-06-15 20:49:30,126 : INFO :  Test_Login_Params : test_login_params_003: Click on menu button
2023-06-15 20:49:31,699 : INFO :  Test_Login_Params : test_login_params_003: Click on logout button
2023-06-15 20:49:31,699 : INFO :  Test_Login_Params : test_login_params_003: test_login_params_003 is Passed
2023-06-15 20:49:31,860 : INFO :  Test_Login_Params : test_login_params_003: test_login_params_003 is Completed
2023-06-15 20:49:33,482 : INFO :  Test_Login_Params : test_login_params_003: Opening Browser
2023-06-15 20:49:34,084 : INFO :  Test_Login_DDT : test_login_ddt_004: Enter UserName-->Admin1
2023-06-15 20:49:34,212 : INFO :  Test_Login_DDT : test_login_ddt_004: Enter Password-->admin1231
2023-06-15 20:49:34,284 : INFO :  Test_Login_DDT : test_login_ddt_004: Click on login button
2023-06-15 20:49:38,164 : INFO :  Test_Login_Params : test_login_params_003: Going to Url
2023-06-15 20:49:39,056 : INFO :  Test_Login_Params : test_login_params_003: Enter UserName-->Admin
2023-06-15 20:49:39,254 : INFO :  Test_Login_Params : test_login_params_003: Enter Password-->admin1231
2023-06-15 20:49:39,776 : INFO :  Test_Login_DDT : test_login_ddt_004: test_login_params_003 is Passed
2023-06-15 20:49:40,114 : INFO :  Test_Login_DDT : test_login_ddt_004: test_login_params_003 is Completed
2023-06-15 20:49:40,747 : INFO :  Test_Login_Params : test_login_params_003: Click on login button
2023-06-15 20:49:41,864 : INFO :  Test_Login_Params : test_login_params_003: Opening Browser
2023-06-15 20:49:46,161 : INFO :  Test_Login_Params : test_login_params_003: test_login_params_003 is Passed
2023-06-15 20:49:46,340 : INFO :  Test_Login_Params : test_login_params_003: test_login_params_003 is Completed
2023-06-15 20:49:46,574 : INFO :  Test_Login_Params : test_login_params_003: Going to Url
2023-06-15 20:49:48,600 : INFO :  Test_Login_Params : test_login_params_003: Opening Browser
2023-06-15 20:49:48,696 : INFO :  Test_Login_Params : test_login_params_003: Enter UserName-->Admin1
2023-06-15 20:49:48,938 : INFO :  Test_Login_Params : test_login_params_003: Enter Password-->admin123
2023-06-15 20:49:49,034 : INFO :  Test_Login_Params : test_login_params_003: Click on login button
2023-06-15 20:49:53,525 : INFO :  Test_Login_Params : test_login_params_003: Going to Url
2023-06-15 20:49:54,706 : INFO :  Test_Login_Params : test_login_params_003: test_login_params_003 is Passed
2023-06-15 20:49:54,905 : INFO :  Test_Login_Params : test_login_params_003: test_login_params_003 is Completed
2023-06-15 20:49:54,983 : INFO :  Test_Login_Params : test_login_params_003: Enter UserName-->Admin1
2023-06-15 20:49:55,171 : INFO :  Test_Login_Params : test_login_params_003: Enter Password-->admin1231
2023-06-15 20:49:55,296 : INFO :  Test_Login_Params : test_login_params_003: Click on login button
2023-06-15 20:50:00,902 : INFO :  Test_Login_Params : test_login_params_003: test_login_params_003 is Passed
2023-06-15 20:50:01,042 : INFO :  Test_Login_Params : test_login_params_003: test_login_params_003 is Completed
